<?xml version="1.0" encoding="UTF-8"?>
<Site BuildName="(empty)"
	BuildStamp="20230826-1607-Experimental"
	Name="lucasvanslette-ThinkPad-T470s"
	Generator="ctest-3.22.1"
	CompilerName="/usr/bin/g++"
	CompilerVersion="11.4.0"
	OSName="Linux"
	Hostname="lucasvanslette-ThinkPad-T470s"
	OSRelease="5.19.0-45-generic"
	OSVersion="#46~22.04.1-Ubuntu SMP PREEMPT_DYNAMIC Wed Jun 7 15:06:04 UTC 20"
	OSPlatform="x86_64"
	Is64Bits="1"
	VendorString="GenuineIntel"
	VendorID="Intel Corporation"
	FamilyID="6"
	ModelID="142"
	ProcessorCacheSize="4096"
	NumberOfLogicalCPU="4"
	NumberOfPhysicalCPU="2"
	TotalVirtualMemory="2047"
	TotalPhysicalMemory="7680"
	LogicalProcessorsPerPhysical="2"
	ProcessorClockFrequency="3411.79"
	>
	<Testing>
		<StartDateTime>Aug 26 12:07 EDT</StartDateTime>
		<StartTestTime>1693066049</StartTestTime>
		<TestList/>
		<EndDateTime>Aug 26 12:07 EDT</EndDateTime>
		<EndTestTime>1693066049</EndTestTime>
		<ElapsedMinutes>0</ElapsedMinutes>
	</Testing>
</Site>
